<?xml version="1.0" encoding="UTF-8"?>
<coverage generated="1631785112982" clover="3.2.0">
  <project timestamp="1631785112982" name="All files">
    <metrics statements="181" coveredstatements="181" conditionals="59" coveredconditionals="59" methods="28" coveredmethods="28" elements="268" coveredelements="268" complexity="0" loc="181" ncloc="181" packages="4" files="10" classes="10"/>
    <package name="src">
      <metrics statements="2" coveredstatements="2" conditionals="0" coveredconditionals="0" methods="0" coveredmethods="0"/>
      <file name="singleton.ts" path="C:\Users\A1999\OneDrive\Documenti\Web\JsTraining\6- Tirocinio\notification\src\singleton.ts">
        <metrics statements="2" coveredstatements="2" conditionals="0" coveredconditionals="0" methods="0" coveredmethods="0"/>
        <line num="1" count="9" type="stmt"/>
        <line num="3" count="9" type="stmt"/>
      </file>
    </package>
    <package name="src.classes">
      <metrics statements="145" coveredstatements="145" conditionals="54" coveredconditionals="54" methods="17" coveredmethods="17"/>
      <file name="Notification.ts" path="C:\Users\A1999\OneDrive\Documenti\Web\JsTraining\6- Tirocinio\notification\src\classes\Notification.ts">
        <metrics statements="8" coveredstatements="8" conditionals="0" coveredconditionals="0" methods="2" coveredmethods="2"/>
        <line num="1" count="3" type="stmt"/>
        <line num="3" count="3" type="stmt"/>
        <line num="8" count="4" type="stmt"/>
        <line num="9" count="4" type="stmt"/>
        <line num="10" count="4" type="stmt"/>
        <line num="11" count="4" type="stmt"/>
        <line num="14" count="4" type="stmt"/>
        <line num="19" count="3" type="stmt"/>
      </file>
      <file name="NotificationCenter.ts" path="C:\Users\A1999\OneDrive\Documenti\Web\JsTraining\6- Tirocinio\notification\src\classes\NotificationCenter.ts">
        <metrics statements="137" coveredstatements="137" conditionals="54" coveredconditionals="54" methods="15" coveredmethods="15"/>
        <line num="1" count="9" type="stmt"/>
        <line num="2" count="9" type="stmt"/>
        <line num="3" count="9" type="stmt"/>
        <line num="4" count="9" type="stmt"/>
        <line num="5" count="9" type="stmt"/>
        <line num="6" count="9" type="stmt"/>
        <line num="16" count="9" type="stmt"/>
        <line num="23" count="9" type="stmt"/>
        <line num="24" count="9" type="stmt"/>
        <line num="25" count="9" type="stmt"/>
        <line num="26" count="9" type="stmt"/>
        <line num="29" count="9" type="stmt"/>
        <line num="31" count="3" type="cond" truecount="2" falsecount="0"/>
        <line num="32" count="2" type="stmt"/>
        <line num="35" count="3" type="cond" truecount="4" falsecount="0"/>
        <line num="36" count="1" type="stmt"/>
        <line num="37" count="1" type="stmt"/>
        <line num="40" count="2" type="stmt"/>
        <line num="41" count="2" type="stmt"/>
        <line num="44" count="9" type="stmt"/>
        <line num="46" count="13" type="cond" truecount="2" falsecount="0"/>
        <line num="47" count="1" type="stmt"/>
        <line num="48" count="1" type="stmt"/>
        <line num="51" count="12" type="stmt"/>
        <line num="73" count="12" type="stmt"/>
        <line num="74" count="12" type="stmt"/>
        <line num="77" count="15" type="stmt"/>
        <line num="79" count="4" type="cond" truecount="2" falsecount="0"/>
        <line num="80" count="1" type="stmt"/>
        <line num="81" count="1" type="stmt"/>
        <line num="84" count="3" type="stmt"/>
        <line num="92" count="3" type="stmt"/>
        <line num="93" count="3" type="stmt"/>
        <line num="96" count="9" type="stmt"/>
        <line num="98" count="3" type="cond" truecount="2" falsecount="0"/>
        <line num="99" count="1" type="stmt"/>
        <line num="100" count="1" type="stmt"/>
        <line num="103" count="2" type="cond" truecount="2" falsecount="0"/>
        <line num="104" count="1" type="stmt"/>
        <line num="105" count="1" type="stmt"/>
        <line num="108" count="1" type="stmt"/>
        <line num="110" count="1" type="stmt"/>
        <line num="113" count="9" type="stmt"/>
        <line num="115" count="5" type="cond" truecount="2" falsecount="0"/>
        <line num="116" count="1" type="stmt"/>
        <line num="117" count="1" type="stmt"/>
        <line num="120" count="4" type="stmt"/>
        <line num="121" count="4" type="stmt"/>
        <line num="122" count="4" type="stmt"/>
        <line num="124" count="4" type="cond" truecount="2" falsecount="0"/>
        <line num="125" count="1" type="stmt"/>
        <line num="126" count="1" type="stmt"/>
        <line num="129" count="3" type="stmt"/>
        <line num="130" count="3" type="stmt"/>
        <line num="133" count="3" type="cond" truecount="2" falsecount="0"/>
        <line num="135" count="2" type="stmt"/>
        <line num="136" count="4" type="cond" truecount="2" falsecount="0"/>
        <line num="137" count="2" type="stmt"/>
        <line num="139" count="2" type="stmt"/>
        <line num="143" count="2" type="cond" truecount="4" falsecount="0"/>
        <line num="144" count="1" type="stmt"/>
        <line num="145" count="1" type="stmt"/>
        <line num="149" count="1" type="stmt"/>
        <line num="150" count="1" type="stmt"/>
        <line num="151" count="1" type="stmt"/>
        <line num="154" count="1" type="stmt"/>
        <line num="158" count="1" type="stmt"/>
        <line num="159" count="1" type="stmt"/>
        <line num="162" count="9" type="stmt"/>
        <line num="164" count="6" type="cond" truecount="2" falsecount="0"/>
        <line num="165" count="1" type="stmt"/>
        <line num="166" count="1" type="stmt"/>
        <line num="169" count="5" type="cond" truecount="4" falsecount="0"/>
        <line num="170" count="2" type="stmt"/>
        <line num="171" count="2" type="stmt"/>
        <line num="174" count="3" type="stmt"/>
        <line num="175" count="3" type="stmt"/>
        <line num="177" count="3" type="cond" truecount="2" falsecount="0"/>
        <line num="178" count="1" type="stmt"/>
        <line num="179" count="1" type="stmt"/>
        <line num="182" count="2" type="stmt"/>
        <line num="183" count="2" type="stmt"/>
        <line num="185" count="2" type="stmt"/>
        <line num="186" count="2" type="stmt"/>
        <line num="189" count="9" type="stmt"/>
        <line num="191" count="3" type="cond" truecount="2" falsecount="0"/>
        <line num="192" count="1" type="stmt"/>
        <line num="193" count="1" type="stmt"/>
        <line num="196" count="2" type="stmt"/>
        <line num="201" count="2" type="stmt"/>
        <line num="203" count="2" type="stmt"/>
        <line num="205" count="2" type="stmt"/>
        <line num="206" count="2" type="stmt"/>
        <line num="209" count="2" type="stmt"/>
        <line num="211" count="2" type="cond" truecount="2" falsecount="0"/>
        <line num="212" count="1" type="stmt"/>
        <line num="213" count="1" type="stmt"/>
        <line num="216" count="1" type="stmt"/>
        <line num="217" count="1" type="stmt"/>
        <line num="220" count="2" type="stmt"/>
        <line num="222" count="2" type="stmt"/>
        <line num="225" count="9" type="stmt"/>
        <line num="227" count="6" type="cond" truecount="2" falsecount="0"/>
        <line num="228" count="1" type="stmt"/>
        <line num="229" count="1" type="stmt"/>
        <line num="232" count="5" type="stmt"/>
        <line num="233" count="5" type="cond" truecount="2" falsecount="0"/>
        <line num="234" count="1" type="stmt"/>
        <line num="235" count="1" type="stmt"/>
        <line num="239" count="4" type="stmt"/>
        <line num="240" count="4" type="cond" truecount="2" falsecount="0"/>
        <line num="241" count="2" type="stmt"/>
        <line num="242" count="2" type="stmt"/>
        <line num="246" count="2" type="stmt"/>
        <line num="249" count="2" type="stmt"/>
        <line num="254" count="2" type="cond" truecount="2" falsecount="0"/>
        <line num="255" count="2" type="stmt"/>
        <line num="260" count="2" type="stmt"/>
        <line num="262" count="2" type="cond" truecount="2" falsecount="0"/>
        <line num="263" count="1" type="stmt"/>
        <line num="264" count="1" type="stmt"/>
        <line num="267" count="1" type="stmt"/>
        <line num="268" count="1" type="stmt"/>
        <line num="271" count="1" type="stmt"/>
        <line num="272" count="1" type="stmt"/>
        <line num="273" count="1" type="stmt"/>
        <line num="276" count="9" type="stmt"/>
        <line num="278" count="3" type="cond" truecount="2" falsecount="0"/>
        <line num="279" count="1" type="stmt"/>
        <line num="280" count="1" type="stmt"/>
        <line num="283" count="2" type="stmt"/>
        <line num="284" count="2" type="cond" truecount="2" falsecount="0"/>
        <line num="285" count="1" type="stmt"/>
        <line num="286" count="1" type="stmt"/>
        <line num="289" count="1" type="stmt"/>
        <line num="291" count="1" type="stmt"/>
        <line num="293" count="9" type="stmt"/>
      </file>
    </package>
    <package name="src.utils">
      <metrics statements="25" coveredstatements="25" conditionals="2" coveredconditionals="2" methods="8" coveredmethods="8"/>
      <file name="findIndex.ts" path="C:\Users\A1999\OneDrive\Documenti\Web\JsTraining\6- Tirocinio\notification\src\utils\findIndex.ts">
        <metrics statements="4" coveredstatements="4" conditionals="0" coveredconditionals="0" methods="2" coveredmethods="2"/>
        <line num="3" count="10" type="stmt"/>
        <line num="4" count="8" type="stmt"/>
        <line num="5" count="8" type="stmt"/>
        <line num="7" count="8" type="stmt"/>
      </file>
      <file name="messages.ts" path="C:\Users\A1999\OneDrive\Documenti\Web\JsTraining\6- Tirocinio\notification\src\utils\messages.ts">
        <metrics statements="8" coveredstatements="8" conditionals="0" coveredconditionals="0" methods="3" coveredmethods="3"/>
        <line num="5" count="10" type="stmt"/>
        <line num="34" count="10" type="stmt"/>
        <line num="39" count="22" type="stmt"/>
        <line num="40" count="22" type="stmt"/>
        <line num="47" count="13" type="stmt"/>
        <line num="48" count="13" type="stmt"/>
        <line num="55" count="2" type="stmt"/>
        <line num="56" count="2" type="stmt"/>
      </file>
      <file name="notifyAllProperties.ts" path="C:\Users\A1999\OneDrive\Documenti\Web\JsTraining\6- Tirocinio\notification\src\utils\notifyAllProperties.ts">
        <metrics statements="8" coveredstatements="8" conditionals="2" coveredconditionals="2" methods="1" coveredmethods="1"/>
        <line num="3" count="11" type="stmt"/>
        <line num="4" count="6" type="stmt"/>
        <line num="5" count="6" type="stmt"/>
        <line num="6" count="6" type="stmt"/>
        <line num="7" count="6" type="cond" truecount="2" falsecount="0"/>
        <line num="8" count="6" type="stmt"/>
        <line num="9" count="6" type="stmt"/>
        <line num="10" count="6" type="stmt"/>
      </file>
      <file name="onNewNotification.ts" path="C:\Users\A1999\OneDrive\Documenti\Web\JsTraining\6- Tirocinio\notification\src\utils\onNewNotification.ts">
        <metrics statements="5" coveredstatements="5" conditionals="0" coveredconditionals="0" methods="2" coveredmethods="2"/>
        <line num="2" count="2" type="stmt"/>
        <line num="4" count="2" type="stmt"/>
        <line num="6" count="2" type="stmt"/>
        <line num="7" count="2" type="stmt"/>
        <line num="8" count="3" type="stmt"/>
      </file>
    </package>
    <package name="src.utils.fetch">
      <metrics statements="9" coveredstatements="9" conditionals="3" coveredconditionals="3" methods="3" coveredmethods="3"/>
      <file name="getFromRemote.ts" path="C:\Users\A1999\OneDrive\Documenti\Web\JsTraining\6- Tirocinio\notification\src\utils\fetch\getFromRemote.ts">
        <metrics statements="3" coveredstatements="3" conditionals="1" coveredconditionals="1" methods="1" coveredmethods="1"/>
        <line num="3" count="9" type="stmt"/>
        <line num="4" count="7" type="cond" truecount="1" falsecount="0"/>
        <line num="5" count="7" type="stmt"/>
      </file>
      <file name="patchRemoteData.ts" path="C:\Users\A1999\OneDrive\Documenti\Web\JsTraining\6- Tirocinio\notification\src\utils\fetch\patchRemoteData.ts">
        <metrics statements="3" coveredstatements="3" conditionals="1" coveredconditionals="1" methods="1" coveredmethods="1"/>
        <line num="3" count="9" type="stmt"/>
        <line num="4" count="2" type="cond" truecount="1" falsecount="0"/>
        <line num="5" count="2" type="stmt"/>
      </file>
      <file name="postRemoteData.ts" path="C:\Users\A1999\OneDrive\Documenti\Web\JsTraining\6- Tirocinio\notification\src\utils\fetch\postRemoteData.ts">
        <metrics statements="3" coveredstatements="3" conditionals="1" coveredconditionals="1" methods="1" coveredmethods="1"/>
        <line num="3" count="9" type="stmt"/>
        <line num="4" count="2" type="cond" truecount="1" falsecount="0"/>
        <line num="5" count="2" type="stmt"/>
      </file>
    </package>
  </project>
</coverage>
