{"C:\\Users\\A1999\\OneDrive\\Documenti\\Web\\JsTraining\\6- Tirocinio\\notification\\src\\singleton.ts": {"path":"C:\\Users\\A1999\\OneDrive\\Documenti\\Web\\JsTraining\\6- Tirocinio\\notification\\src\\singleton.ts","statementMap":{"0":{"start":{"line":1,"column":0},"end":{"line":1,"column":66}},"1":{"start":{"line":3,"column":13},"end":{"line":3,"column":59}}},"fnMap":{},"branchMap":{},"s":{"0":9,"1":9},"f":{},"b":{}}
,"C:\\Users\\A1999\\OneDrive\\Documenti\\Web\\JsTraining\\6- Tirocinio\\notification\\src\\classes\\Notification.ts": {"path":"C:\\Users\\A1999\\OneDrive\\Documenti\\Web\\JsTraining\\6- Tirocinio\\notification\\src\\classes\\Notification.ts","statementMap":{"0":{"start":{"line":1,"column":0},"end":{"line":1,"column":36}},"1":{"start":{"line":3,"column":0},"end":{"line":3,"column":13}},"2":{"start":{"line":8,"column":2},"end":{"line":8,"column":34}},"3":{"start":{"line":9,"column":2},"end":{"line":9,"column":22}},"4":{"start":{"line":10,"column":2},"end":{"line":10,"column":24}},"5":{"start":{"line":11,"column":2},"end":{"line":11,"column":22}},"6":{"start":{"line":14,"column":2},"end":{"line":17,"column":null}},"7":{"start":{"line":19,"column":0},"end":{"line":19,"column":null}},"8":{"start":{"line":3,"column":13},"end":{"line":3,"column":25}}},"fnMap":{"0":{"name":"(anonymous_0)","decl":{"start":{"line":3,"column":0},"end":{"line":3,"column":13}},"loc":{"start":{"line":3,"column":0},"end":{"line":19,"column":null}}},"1":{"name":"Notification","decl":{"start":{"line":13,"column":2},"end":{"line":13,"column":14}},"loc":{"start":{"line":13,"column":44},"end":{"line":18,"column":2}}}},"branchMap":{},"s":{"0":3,"1":3,"2":4,"3":4,"4":4,"5":4,"6":4,"7":3,"8":3},"f":{"0":3,"1":4},"b":{}}
,"C:\\Users\\A1999\\OneDrive\\Documenti\\Web\\JsTraining\\6- Tirocinio\\notification\\src\\classes\\NotificationCenter.ts": {"path":"C:\\Users\\A1999\\OneDrive\\Documenti\\Web\\JsTraining\\6- Tirocinio\\notification\\src\\classes\\NotificationCenter.ts","statementMap":{"0":{"start":{"line":1,"column":0},"end":{"line":1,"column":48}},"1":{"start":{"line":2,"column":0},"end":{"line":2,"column":67}},"2":{"start":{"line":3,"column":0},"end":{"line":3,"column":72}},"3":{"start":{"line":4,"column":0},"end":{"line":4,"column":61}},"4":{"start":{"line":5,"column":0},"end":{"line":5,"column":63}},"5":{"start":{"line":6,"column":0},"end":{"line":6,"column":65}},"6":{"start":{"line":16,"column":0},"end":{"line":16,"column":13}},"7":{"start":{"line":23,"column":2},"end":{"line":23,"column":29}},"8":{"start":{"line":24,"column":2},"end":{"line":24,"column":21}},"9":{"start":{"line":25,"column":2},"end":{"line":25,"column":23}},"10":{"start":{"line":26,"column":2},"end":{"line":26,"column":23}},"11":{"start":{"line":29,"column":1},"end":{"line":42,"column":null}},"12":{"start":{"line":31,"column":2},"end":{"line":33,"column":null}},"13":{"start":{"line":32,"column":3},"end":{"line":32,"column":13}},"14":{"start":{"line":35,"column":2},"end":{"line":38,"column":null}},"15":{"start":{"line":36,"column":3},"end":{"line":36,"column":49}},"16":{"start":{"line":37,"column":3},"end":{"line":37,"column":10}},"17":{"start":{"line":40,"column":2},"end":{"line":40,"column":41}},"18":{"start":{"line":41,"column":2},"end":{"line":41,"column":25}},"19":{"start":{"line":44,"column":1},"end":{"line":75,"column":null}},"20":{"start":{"line":46,"column":2},"end":{"line":49,"column":null}},"21":{"start":{"line":47,"column":3},"end":{"line":47,"column":57}},"22":{"start":{"line":48,"column":3},"end":{"line":48,"column":10}},"23":{"start":{"line":51,"column":2},"end":{"line":70,"column":null}},"24":{"start":{"line":73,"column":2},"end":{"line":73,"column":42}},"25":{"start":{"line":74,"column":2},"end":{"line":74,"column":9}},"26":{"start":{"line":77,"column":1},"end":{"line":94,"column":null}},"27":{"start":{"line":77,"column":32},"end":{"line":77,"column":66}},"28":{"start":{"line":79,"column":2},"end":{"line":82,"column":null}},"29":{"start":{"line":80,"column":3},"end":{"line":80,"column":53}},"30":{"start":{"line":81,"column":3},"end":{"line":81,"column":10}},"31":{"start":{"line":84,"column":2},"end":{"line":90,"column":null}},"32":{"start":{"line":92,"column":2},"end":{"line":92,"column":52}},"33":{"start":{"line":93,"column":2},"end":{"line":93,"column":9}},"34":{"start":{"line":96,"column":1},"end":{"line":111,"column":null}},"35":{"start":{"line":98,"column":2},"end":{"line":101,"column":null}},"36":{"start":{"line":99,"column":3},"end":{"line":99,"column":53}},"37":{"start":{"line":100,"column":3},"end":{"line":100,"column":10}},"38":{"start":{"line":103,"column":2},"end":{"line":106,"column":null}},"39":{"start":{"line":104,"column":3},"end":{"line":104,"column":51}},"40":{"start":{"line":105,"column":3},"end":{"line":105,"column":10}},"41":{"start":{"line":108,"column":2},"end":{"line":108,"column":38}},"42":{"start":{"line":110,"column":2},"end":{"line":110,"column":9}},"43":{"start":{"line":113,"column":7},"end":{"line":160,"column":null}},"44":{"start":{"line":115,"column":2},"end":{"line":118,"column":null}},"45":{"start":{"line":116,"column":3},"end":{"line":116,"column":53}},"46":{"start":{"line":117,"column":3},"end":{"line":117,"column":10}},"47":{"start":{"line":120,"column":8},"end":{"line":120,"column":62}},"48":{"start":{"line":121,"column":8},"end":{"line":121,"column":51}},"49":{"start":{"line":122,"column":19},"end":{"line":122,"column":null}},"50":{"start":{"line":122,"column":8},"end":{"line":122,"column":null}},"51":{"start":{"line":124,"column":2},"end":{"line":127,"column":null}},"52":{"start":{"line":125,"column":3},"end":{"line":125,"column":47}},"53":{"start":{"line":126,"column":3},"end":{"line":126,"column":10}},"54":{"start":{"line":129,"column":2},"end":{"line":129,"column":24}},"55":{"start":{"line":129,"column":24},"end":{"line":129,"column":36}},"56":{"start":{"line":129,"column":39},"end":{"line":129,"column":61}},"57":{"start":{"line":129,"column":2},"end":{"line":129,"column":61}},"58":{"start":{"line":130,"column":2},"end":{"line":130,"column":43}},"59":{"start":{"line":133,"column":2},"end":{"line":155,"column":null}},"60":{"start":{"line":135,"column":9},"end":{"line":140,"column":6}},"61":{"start":{"line":136,"column":4},"end":{"line":138,"column":null}},"62":{"start":{"line":137,"column":5},"end":{"line":137,"column":20}},"63":{"start":{"line":139,"column":4},"end":{"line":139,"column":11}},"64":{"start":{"line":143,"column":3},"end":{"line":146,"column":null}},"65":{"start":{"line":144,"column":4},"end":{"line":144,"column":52}},"66":{"start":{"line":145,"column":4},"end":{"line":145,"column":28}},"67":{"start":{"line":149,"column":3},"end":{"line":149,"column":53}},"68":{"start":{"line":150,"column":3},"end":{"line":152,"column":6}},"69":{"start":{"line":151,"column":4},"end":{"line":151,"column":26}},"70":{"start":{"line":154,"column":3},"end":{"line":154,"column":27}},"71":{"start":{"line":158,"column":2},"end":{"line":158,"column":42}},"72":{"start":{"line":159,"column":2},"end":{"line":159,"column":9}},"73":{"start":{"line":162,"column":7},"end":{"line":187,"column":null}},"74":{"start":{"line":164,"column":2},"end":{"line":167,"column":null}},"75":{"start":{"line":165,"column":3},"end":{"line":165,"column":53}},"76":{"start":{"line":166,"column":3},"end":{"line":166,"column":10}},"77":{"start":{"line":169,"column":2},"end":{"line":172,"column":null}},"78":{"start":{"line":170,"column":3},"end":{"line":170,"column":62}},"79":{"start":{"line":171,"column":3},"end":{"line":171,"column":45}},"80":{"start":{"line":174,"column":8},"end":{"line":174,"column":51}},"81":{"start":{"line":175,"column":19},"end":{"line":175,"column":null}},"82":{"start":{"line":175,"column":8},"end":{"line":175,"column":null}},"83":{"start":{"line":177,"column":2},"end":{"line":180,"column":null}},"84":{"start":{"line":178,"column":3},"end":{"line":178,"column":47}},"85":{"start":{"line":179,"column":3},"end":{"line":179,"column":10}},"86":{"start":{"line":182,"column":2},"end":{"line":182,"column":24}},"87":{"start":{"line":182,"column":24},"end":{"line":182,"column":36}},"88":{"start":{"line":182,"column":39},"end":{"line":182,"column":61}},"89":{"start":{"line":182,"column":2},"end":{"line":182,"column":61}},"90":{"start":{"line":183,"column":2},"end":{"line":183,"column":43}},"91":{"start":{"line":185,"column":2},"end":{"line":185,"column":113}},"92":{"start":{"line":186,"column":2},"end":{"line":186,"column":44}},"93":{"start":{"line":189,"column":7},"end":{"line":223,"column":null}},"94":{"start":{"line":189,"column":33},"end":{"line":189,"column":68}},"95":{"start":{"line":191,"column":2},"end":{"line":194,"column":null}},"96":{"start":{"line":192,"column":3},"end":{"line":192,"column":53}},"97":{"start":{"line":193,"column":3},"end":{"line":193,"column":10}},"98":{"start":{"line":196,"column":8},"end":{"line":199,"column":4}},"99":{"start":{"line":201,"column":2},"end":{"line":218,"column":5}},"100":{"start":{"line":201,"column":46},"end":{"line":218,"column":4}},"101":{"start":{"line":203,"column":3},"end":{"line":203,"column":41}},"102":{"start":{"line":205,"column":3},"end":{"line":205,"column":57}},"103":{"start":{"line":206,"column":3},"end":{"line":206,"column":57}},"104":{"start":{"line":209,"column":20},"end":{"line":209,"column":null}},"105":{"start":{"line":209,"column":9},"end":{"line":209,"column":null}},"106":{"start":{"line":211,"column":3},"end":{"line":214,"column":null}},"107":{"start":{"line":212,"column":4},"end":{"line":212,"column":49}},"108":{"start":{"line":213,"column":4},"end":{"line":213,"column":11}},"109":{"start":{"line":216,"column":3},"end":{"line":216,"column":45}},"110":{"start":{"line":217,"column":3},"end":{"line":217,"column":10}},"111":{"start":{"line":220,"column":2},"end":{"line":220,"column":82}},"112":{"start":{"line":222,"column":2},"end":{"line":222,"column":26}},"113":{"start":{"line":225,"column":7},"end":{"line":274,"column":null}},"114":{"start":{"line":227,"column":2},"end":{"line":230,"column":null}},"115":{"start":{"line":228,"column":3},"end":{"line":228,"column":53}},"116":{"start":{"line":229,"column":3},"end":{"line":229,"column":10}},"117":{"start":{"line":232,"column":8},"end":{"line":232,"column":117}},"118":{"start":{"line":233,"column":2},"end":{"line":236,"column":null}},"119":{"start":{"line":234,"column":3},"end":{"line":234,"column":61}},"120":{"start":{"line":235,"column":3},"end":{"line":235,"column":10}},"121":{"start":{"line":239,"column":8},"end":{"line":239,"column":86}},"122":{"start":{"line":240,"column":2},"end":{"line":243,"column":null}},"123":{"start":{"line":241,"column":3},"end":{"line":241,"column":64}},"124":{"start":{"line":242,"column":3},"end":{"line":242,"column":10}},"125":{"start":{"line":246,"column":8},"end":{"line":246,"column":33}},"126":{"start":{"line":249,"column":8},"end":{"line":252,"column":4}},"127":{"start":{"line":254,"column":2},"end":{"line":254,"column":86}},"128":{"start":{"line":255,"column":2},"end":{"line":257,"column":5}},"129":{"start":{"line":260,"column":19},"end":{"line":260,"column":null}},"130":{"start":{"line":260,"column":8},"end":{"line":260,"column":null}},"131":{"start":{"line":262,"column":2},"end":{"line":265,"column":null}},"132":{"start":{"line":263,"column":3},"end":{"line":263,"column":49}},"133":{"start":{"line":264,"column":3},"end":{"line":264,"column":10}},"134":{"start":{"line":267,"column":2},"end":{"line":267,"column":45}},"135":{"start":{"line":268,"column":2},"end":{"line":268,"column":90}},"136":{"start":{"line":271,"column":2},"end":{"line":271,"column":80}},"137":{"start":{"line":272,"column":2},"end":{"line":272,"column":44}},"138":{"start":{"line":273,"column":2},"end":{"line":273,"column":29}},"139":{"start":{"line":276,"column":1},"end":{"line":292,"column":null}},"140":{"start":{"line":278,"column":2},"end":{"line":281,"column":null}},"141":{"start":{"line":279,"column":3},"end":{"line":279,"column":53}},"142":{"start":{"line":280,"column":3},"end":{"line":280,"column":10}},"143":{"start":{"line":283,"column":30},"end":{"line":283,"column":116}},"144":{"start":{"line":284,"column":2},"end":{"line":287,"column":null}},"145":{"start":{"line":285,"column":3},"end":{"line":285,"column":61}},"146":{"start":{"line":286,"column":3},"end":{"line":286,"column":10}},"147":{"start":{"line":289,"column":2},"end":{"line":289,"column":79}},"148":{"start":{"line":291,"column":2},"end":{"line":291,"column":65}},"149":{"start":{"line":293,"column":0},"end":{"line":293,"column":null}},"150":{"start":{"line":16,"column":13},"end":{"line":16,"column":31}}},"fnMap":{"0":{"name":"(anonymous_0)","decl":{"start":{"line":16,"column":0},"end":{"line":16,"column":13}},"loc":{"start":{"line":16,"column":0},"end":{"line":293,"column":null}}},"1":{"name":"NotificationCenter","decl":{"start":{"line":22,"column":1},"end":{"line":22,"column":null}},"loc":{"start":{"line":22,"column":1},"end":{"line":27,"column":2}}},"2":{"name":"(anonymous_2)","decl":{"start":{"line":29,"column":1},"end":{"line":29,"column":10}},"loc":{"start":{"line":29,"column":38},"end":{"line":42,"column":2}}},"3":{"name":"(anonymous_3)","decl":{"start":{"line":44,"column":1},"end":{"line":44,"column":11}},"loc":{"start":{"line":44,"column":47},"end":{"line":75,"column":2}}},"4":{"name":"(anonymous_4)","decl":{"start":{"line":77,"column":1},"end":{"line":77,"column":10}},"loc":{"start":{"line":77,"column":30},"end":{"line":94,"column":2}}},"5":{"name":"(anonymous_5)","decl":{"start":{"line":96,"column":1},"end":{"line":96,"column":12}},"loc":{"start":{"line":96,"column":32},"end":{"line":111,"column":2}}},"6":{"name":"(anonymous_6)","decl":{"start":{"line":113,"column":1},"end":{"line":113,"column":7}},"loc":{"start":{"line":113,"column":33},"end":{"line":160,"column":null}}},"7":{"name":"(anonymous_9)","decl":{"start":{"line":135,"column":70},"end":{"line":135,"column":71}},"loc":{"start":{"line":135,"column":78},"end":{"line":140,"column":4}}},"8":{"name":"(anonymous_10)","decl":{"start":{"line":150,"column":40},"end":{"line":150,"column":43}},"loc":{"start":{"line":150,"column":43},"end":{"line":152,"column":4}}},"9":{"name":"(anonymous_11)","decl":{"start":{"line":162,"column":1},"end":{"line":162,"column":7}},"loc":{"start":{"line":162,"column":33},"end":{"line":187,"column":null}}},"10":{"name":"(anonymous_14)","decl":{"start":{"line":189,"column":1},"end":{"line":189,"column":7}},"loc":{"start":{"line":189,"column":31},"end":{"line":223,"column":null}}},"11":{"name":"(anonymous_17)","decl":{"start":{"line":201,"column":27},"end":{"line":201,"column":34}},"loc":{"start":{"line":201,"column":46},"end":{"line":218,"column":4}}},"12":{"name":"(anonymous_18)","decl":{"start":{"line":201,"column":46},"end":{"line":201,"column":null}},"loc":{"start":{"line":201,"column":46},"end":{"line":218,"column":4}}},"13":{"name":"(anonymous_20)","decl":{"start":{"line":225,"column":1},"end":{"line":225,"column":7}},"loc":{"start":{"line":225,"column":55},"end":{"line":274,"column":null}}},"14":{"name":"(anonymous_23)","decl":{"start":{"line":276,"column":1},"end":{"line":276,"column":28}},"loc":{"start":{"line":276,"column":72},"end":{"line":292,"column":2}}}},"branchMap":{"0":{"loc":{"start":{"line":31,"column":2},"end":{"line":33,"column":null}},"type":"if","locations":[{"start":{"line":31,"column":2},"end":{"line":33,"column":null}},{"start":{"line":31,"column":2},"end":{"line":33,"column":null}}]},"1":{"loc":{"start":{"line":35,"column":2},"end":{"line":38,"column":null}},"type":"if","locations":[{"start":{"line":35,"column":2},"end":{"line":38,"column":null}},{"start":{"line":35,"column":2},"end":{"line":38,"column":null}}]},"2":{"loc":{"start":{"line":35,"column":6},"end":{"line":35,"column":27}},"type":"binary-expr","locations":[{"start":{"line":35,"column":6},"end":{"line":35,"column":27}},{"start":{"line":35,"column":31},"end":{"line":35,"column":51}}]},"3":{"loc":{"start":{"line":46,"column":2},"end":{"line":49,"column":null}},"type":"if","locations":[{"start":{"line":46,"column":2},"end":{"line":49,"column":null}},{"start":{"line":46,"column":2},"end":{"line":49,"column":null}}]},"4":{"loc":{"start":{"line":79,"column":2},"end":{"line":82,"column":null}},"type":"if","locations":[{"start":{"line":79,"column":2},"end":{"line":82,"column":null}},{"start":{"line":79,"column":2},"end":{"line":82,"column":null}}]},"5":{"loc":{"start":{"line":87,"column":7},"end":{"line":87,"column":35}},"type":"binary-expr","locations":[{"start":{"line":87,"column":7},"end":{"line":87,"column":35}},{"start":{"line":87,"column":39},"end":{"line":87,"column":41}}]},"6":{"loc":{"start":{"line":98,"column":2},"end":{"line":101,"column":null}},"type":"if","locations":[{"start":{"line":98,"column":2},"end":{"line":101,"column":null}},{"start":{"line":98,"column":2},"end":{"line":101,"column":null}}]},"7":{"loc":{"start":{"line":103,"column":2},"end":{"line":106,"column":null}},"type":"if","locations":[{"start":{"line":103,"column":2},"end":{"line":106,"column":null}},{"start":{"line":103,"column":2},"end":{"line":106,"column":null}}]},"8":{"loc":{"start":{"line":115,"column":2},"end":{"line":118,"column":null}},"type":"if","locations":[{"start":{"line":115,"column":2},"end":{"line":118,"column":null}},{"start":{"line":115,"column":2},"end":{"line":118,"column":null}}]},"9":{"loc":{"start":{"line":124,"column":2},"end":{"line":127,"column":null}},"type":"if","locations":[{"start":{"line":124,"column":2},"end":{"line":127,"column":null}},{"start":{"line":124,"column":2},"end":{"line":127,"column":null}}]},"10":{"loc":{"start":{"line":133,"column":2},"end":{"line":155,"column":null}},"type":"if","locations":[{"start":{"line":133,"column":2},"end":{"line":155,"column":null}},{"start":{"line":133,"column":2},"end":{"line":155,"column":null}}]},"11":{"loc":{"start":{"line":136,"column":4},"end":{"line":138,"column":null}},"type":"if","locations":[{"start":{"line":136,"column":4},"end":{"line":138,"column":null}},{"start":{"line":136,"column":4},"end":{"line":138,"column":null}}]},"12":{"loc":{"start":{"line":143,"column":3},"end":{"line":146,"column":null}},"type":"if","locations":[{"start":{"line":143,"column":3},"end":{"line":146,"column":null}},{"start":{"line":143,"column":3},"end":{"line":146,"column":null}}]},"13":{"loc":{"start":{"line":143,"column":7},"end":{"line":143,"column":49}},"type":"binary-expr","locations":[{"start":{"line":143,"column":7},"end":{"line":143,"column":49}},{"start":{"line":143,"column":53},"end":{"line":143,"column":92}}]},"14":{"loc":{"start":{"line":164,"column":2},"end":{"line":167,"column":null}},"type":"if","locations":[{"start":{"line":164,"column":2},"end":{"line":167,"column":null}},{"start":{"line":164,"column":2},"end":{"line":167,"column":null}}]},"15":{"loc":{"start":{"line":169,"column":2},"end":{"line":172,"column":null}},"type":"if","locations":[{"start":{"line":169,"column":2},"end":{"line":172,"column":null}},{"start":{"line":169,"column":2},"end":{"line":172,"column":null}}]},"16":{"loc":{"start":{"line":169,"column":6},"end":{"line":169,"column":55}},"type":"binary-expr","locations":[{"start":{"line":169,"column":6},"end":{"line":169,"column":55}},{"start":{"line":169,"column":59},"end":{"line":169,"column":104}}]},"17":{"loc":{"start":{"line":177,"column":2},"end":{"line":180,"column":null}},"type":"if","locations":[{"start":{"line":177,"column":2},"end":{"line":180,"column":null}},{"start":{"line":177,"column":2},"end":{"line":180,"column":null}}]},"18":{"loc":{"start":{"line":191,"column":2},"end":{"line":194,"column":null}},"type":"if","locations":[{"start":{"line":191,"column":2},"end":{"line":194,"column":null}},{"start":{"line":191,"column":2},"end":{"line":194,"column":null}}]},"19":{"loc":{"start":{"line":211,"column":3},"end":{"line":214,"column":null}},"type":"if","locations":[{"start":{"line":211,"column":3},"end":{"line":214,"column":null}},{"start":{"line":211,"column":3},"end":{"line":214,"column":null}}]},"20":{"loc":{"start":{"line":227,"column":2},"end":{"line":230,"column":null}},"type":"if","locations":[{"start":{"line":227,"column":2},"end":{"line":230,"column":null}},{"start":{"line":227,"column":2},"end":{"line":230,"column":null}}]},"21":{"loc":{"start":{"line":233,"column":2},"end":{"line":236,"column":null}},"type":"if","locations":[{"start":{"line":233,"column":2},"end":{"line":236,"column":null}},{"start":{"line":233,"column":2},"end":{"line":236,"column":null}}]},"22":{"loc":{"start":{"line":240,"column":2},"end":{"line":243,"column":null}},"type":"if","locations":[{"start":{"line":240,"column":2},"end":{"line":243,"column":null}},{"start":{"line":240,"column":2},"end":{"line":243,"column":null}}]},"23":{"loc":{"start":{"line":254,"column":58},"end":{"line":254,"column":60}},"type":"cond-expr","locations":[{"start":{"line":254,"column":58},"end":{"line":254,"column":60}},{"start":{"line":254,"column":63},"end":{"line":254,"column":66}}]},"24":{"loc":{"start":{"line":262,"column":2},"end":{"line":265,"column":null}},"type":"if","locations":[{"start":{"line":262,"column":2},"end":{"line":265,"column":null}},{"start":{"line":262,"column":2},"end":{"line":265,"column":null}}]},"25":{"loc":{"start":{"line":278,"column":2},"end":{"line":281,"column":null}},"type":"if","locations":[{"start":{"line":278,"column":2},"end":{"line":281,"column":null}},{"start":{"line":278,"column":2},"end":{"line":281,"column":null}}]},"26":{"loc":{"start":{"line":284,"column":2},"end":{"line":287,"column":null}},"type":"if","locations":[{"start":{"line":284,"column":2},"end":{"line":287,"column":null}},{"start":{"line":284,"column":2},"end":{"line":287,"column":null}}]}},"s":{"0":9,"1":9,"2":9,"3":9,"4":9,"5":9,"6":9,"7":9,"8":9,"9":9,"10":9,"11":9,"12":3,"13":2,"14":3,"15":1,"16":1,"17":2,"18":2,"19":9,"20":13,"21":1,"22":1,"23":12,"24":12,"25":12,"26":9,"27":15,"28":4,"29":1,"30":1,"31":3,"32":3,"33":3,"34":9,"35":3,"36":1,"37":1,"38":2,"39":1,"40":1,"41":1,"42":1,"43":9,"44":5,"45":1,"46":1,"47":4,"48":4,"49":4,"50":4,"51":4,"52":1,"53":1,"54":3,"55":3,"56":3,"57":3,"58":3,"59":3,"60":2,"61":4,"62":2,"63":2,"64":2,"65":1,"66":1,"67":1,"68":1,"69":1,"70":1,"71":1,"72":1,"73":9,"74":6,"75":1,"76":1,"77":5,"78":2,"79":2,"80":3,"81":3,"82":3,"83":3,"84":1,"85":1,"86":2,"87":2,"88":2,"89":2,"90":2,"91":2,"92":2,"93":9,"94":9,"95":3,"96":1,"97":1,"98":2,"99":2,"100":2,"101":2,"102":2,"103":2,"104":2,"105":2,"106":2,"107":1,"108":1,"109":1,"110":1,"111":2,"112":2,"113":9,"114":6,"115":1,"116":1,"117":5,"118":5,"119":1,"120":1,"121":4,"122":4,"123":2,"124":2,"125":2,"126":2,"127":2,"128":2,"129":2,"130":2,"131":2,"132":1,"133":1,"134":1,"135":1,"136":1,"137":1,"138":1,"139":9,"140":3,"141":1,"142":1,"143":2,"144":2,"145":1,"146":1,"147":1,"148":1,"149":9,"150":9},"f":{"0":9,"1":9,"2":3,"3":13,"4":4,"5":3,"6":5,"7":4,"8":1,"9":6,"10":3,"11":2,"12":2,"13":6,"14":3},"b":{"0":[2,1],"1":[1,2],"2":[3,2],"3":[1,12],"4":[1,3],"5":[3,3],"6":[1,2],"7":[1,1],"8":[1,4],"9":[1,3],"10":[2,1],"11":[2,2],"12":[1,1],"13":[2,1],"14":[1,5],"15":[2,3],"16":[5,5],"17":[1,2],"18":[1,2],"19":[1,1],"20":[1,5],"21":[1,4],"22":[2,2],"23":[1,1],"24":[1,1],"25":[1,2],"26":[1,1]}}
,"C:\\Users\\A1999\\OneDrive\\Documenti\\Web\\JsTraining\\6- Tirocinio\\notification\\src\\utils\\findIndex.ts": {"path":"C:\\Users\\A1999\\OneDrive\\Documenti\\Web\\JsTraining\\6- Tirocinio\\notification\\src\\utils\\findIndex.ts","statementMap":{"0":{"start":{"line":4,"column":20},"end":{"line":6,"column":3}},"1":{"start":{"line":5,"column":2},"end":{"line":5,"column":34}},"2":{"start":{"line":7,"column":1},"end":{"line":7,"column":19}},"3":{"start":{"line":3,"column":0},"end":{"line":3,"column":16}}},"fnMap":{"0":{"name":"findMyIndexByIdAndNotificationList","decl":{"start":{"line":3,"column":16},"end":{"line":3,"column":50}},"loc":{"start":{"line":3,"column":104},"end":{"line":8,"column":1}}},"1":{"name":"(anonymous_1)","decl":{"start":{"line":4,"column":47},"end":{"line":4,"column":48}},"loc":{"start":{"line":4,"column":53},"end":{"line":6,"column":2}}}},"branchMap":{},"s":{"0":8,"1":8,"2":8,"3":10},"f":{"0":8,"1":8},"b":{}}
,"C:\\Users\\A1999\\OneDrive\\Documenti\\Web\\JsTraining\\6- Tirocinio\\notification\\src\\utils\\messages.ts": {"path":"C:\\Users\\A1999\\OneDrive\\Documenti\\Web\\JsTraining\\6- Tirocinio\\notification\\src\\utils\\messages.ts","statementMap":{"0":{"start":{"line":5,"column":35},"end":{"line":30,"column":null}},"1":{"start":{"line":34,"column":13},"end":{"line":58,"column":2}},"2":{"start":{"line":39,"column":29},"end":{"line":39,"column":85}},"3":{"start":{"line":40,"column":8},"end":{"line":40,"column":36}},"4":{"start":{"line":47,"column":29},"end":{"line":47,"column":85}},"5":{"start":{"line":48,"column":8},"end":{"line":48,"column":35}},"6":{"start":{"line":55,"column":29},"end":{"line":55,"column":85}},"7":{"start":{"line":56,"column":8},"end":{"line":56,"column":35}}},"fnMap":{"0":{"name":"(anonymous_0)","decl":{"start":{"line":35,"column":11},"end":{"line":35,"column":12}},"loc":{"start":{"line":35,"column":28},"end":{"line":41,"column":5}}},"1":{"name":"(anonymous_1)","decl":{"start":{"line":43,"column":10},"end":{"line":43,"column":11}},"loc":{"start":{"line":43,"column":27},"end":{"line":49,"column":5}}},"2":{"name":"(anonymous_2)","decl":{"start":{"line":51,"column":10},"end":{"line":51,"column":11}},"loc":{"start":{"line":51,"column":27},"end":{"line":57,"column":5}}}},"branchMap":{},"s":{"0":10,"1":10,"2":22,"3":22,"4":13,"5":13,"6":2,"7":2},"f":{"0":22,"1":13,"2":2},"b":{}}
,"C:\\Users\\A1999\\OneDrive\\Documenti\\Web\\JsTraining\\6- Tirocinio\\notification\\src\\utils\\notifyAllProperties.ts": {"path":"C:\\Users\\A1999\\OneDrive\\Documenti\\Web\\JsTraining\\6- Tirocinio\\notification\\src\\utils\\notifyAllProperties.ts","statementMap":{"0":{"start":{"line":4,"column":1},"end":{"line":4,"column":51}},"1":{"start":{"line":5,"column":1},"end":{"line":5,"column":56}},"2":{"start":{"line":6,"column":1},"end":{"line":6,"column":62}},"3":{"start":{"line":7,"column":1},"end":{"line":7,"column":106}},"4":{"start":{"line":8,"column":1},"end":{"line":8,"column":47}},"5":{"start":{"line":9,"column":1},"end":{"line":9,"column":39}},"6":{"start":{"line":10,"column":1},"end":{"line":10,"column":34}},"7":{"start":{"line":3,"column":0},"end":{"line":3,"column":16}}},"fnMap":{"0":{"name":"notifyAllProperties","decl":{"start":{"line":3,"column":16},"end":{"line":3,"column":35}},"loc":{"start":{"line":3,"column":62},"end":{"line":11,"column":1}}}},"branchMap":{"0":{"loc":{"start":{"line":7,"column":60},"end":{"line":7,"column":80}},"type":"cond-expr","locations":[{"start":{"line":7,"column":60},"end":{"line":7,"column":80}},{"start":{"line":7,"column":83},"end":{"line":7,"column":102}}]}},"s":{"0":6,"1":6,"2":6,"3":6,"4":6,"5":6,"6":6,"7":11},"f":{"0":6},"b":{"0":[1,5]}}
,"C:\\Users\\A1999\\OneDrive\\Documenti\\Web\\JsTraining\\6- Tirocinio\\notification\\src\\utils\\onNewNotification.ts": {"path":"C:\\Users\\A1999\\OneDrive\\Documenti\\Web\\JsTraining\\6- Tirocinio\\notification\\src\\utils\\onNewNotification.ts","statementMap":{"0":{"start":{"line":2,"column":0},"end":{"line":2,"column":60}},"1":{"start":{"line":6,"column":1},"end":{"line":6,"column":80}},"2":{"start":{"line":7,"column":1},"end":{"line":9,"column":4}},"3":{"start":{"line":8,"column":2},"end":{"line":8,"column":31}},"4":{"start":{"line":4,"column":0},"end":{"line":4,"column":16}}},"fnMap":{"0":{"name":"onNewNotification","decl":{"start":{"line":4,"column":16},"end":{"line":4,"column":33}},"loc":{"start":{"line":4,"column":66},"end":{"line":10,"column":1}}},"1":{"name":"(anonymous_1)","decl":{"start":{"line":7,"column":26},"end":{"line":7,"column":27}},"loc":{"start":{"line":7,"column":34},"end":{"line":9,"column":2}}}},"branchMap":{},"s":{"0":2,"1":2,"2":2,"3":3,"4":2},"f":{"0":2,"1":3},"b":{}}
,"C:\\Users\\A1999\\OneDrive\\Documenti\\Web\\JsTraining\\6- Tirocinio\\notification\\src\\utils\\fetch\\getFromRemote.ts": {"path":"C:\\Users\\A1999\\OneDrive\\Documenti\\Web\\JsTraining\\6- Tirocinio\\notification\\src\\utils\\fetch\\getFromRemote.ts","statementMap":{"0":{"start":{"line":4,"column":18},"end":{"line":4,"column":null}},"1":{"start":{"line":4,"column":7},"end":{"line":4,"column":null}},"2":{"start":{"line":5,"column":1},"end":{"line":5,"column":17}},"3":{"start":{"line":3,"column":0},"end":{"line":3,"column":22}}},"fnMap":{"0":{"name":"getFromRemote","decl":{"start":{"line":3,"column":22},"end":{"line":3,"column":35}},"loc":{"start":{"line":3,"column":51},"end":{"line":6,"column":null}}}},"branchMap":{"0":{"loc":{"start":{"line":4,"column":18},"end":{"line":4,"column":null}},"type":"switch","locations":[{"start":{"line":4,"column":18},"end":{"line":4,"column":null}}]}},"s":{"0":7,"1":7,"2":7,"3":9},"f":{"0":7},"b":{"0":[7]}}
,"C:\\Users\\A1999\\OneDrive\\Documenti\\Web\\JsTraining\\6- Tirocinio\\notification\\src\\utils\\fetch\\patchRemoteData.ts": {"path":"C:\\Users\\A1999\\OneDrive\\Documenti\\Web\\JsTraining\\6- Tirocinio\\notification\\src\\utils\\fetch\\patchRemoteData.ts","statementMap":{"0":{"start":{"line":4,"column":18},"end":{"line":4,"column":null}},"1":{"start":{"line":4,"column":7},"end":{"line":4,"column":null}},"2":{"start":{"line":5,"column":1},"end":{"line":5,"column":17}},"3":{"start":{"line":3,"column":0},"end":{"line":3,"column":22}}},"fnMap":{"0":{"name":"patchRemoteData","decl":{"start":{"line":3,"column":22},"end":{"line":3,"column":37}},"loc":{"start":{"line":3,"column":53},"end":{"line":6,"column":null}}}},"branchMap":{"0":{"loc":{"start":{"line":4,"column":18},"end":{"line":4,"column":null}},"type":"switch","locations":[{"start":{"line":4,"column":18},"end":{"line":4,"column":null}}]}},"s":{"0":2,"1":2,"2":2,"3":9},"f":{"0":2},"b":{"0":[2]}}
,"C:\\Users\\A1999\\OneDrive\\Documenti\\Web\\JsTraining\\6- Tirocinio\\notification\\src\\utils\\fetch\\postRemoteData.ts": {"path":"C:\\Users\\A1999\\OneDrive\\Documenti\\Web\\JsTraining\\6- Tirocinio\\notification\\src\\utils\\fetch\\postRemoteData.ts","statementMap":{"0":{"start":{"line":4,"column":18},"end":{"line":4,"column":null}},"1":{"start":{"line":4,"column":7},"end":{"line":4,"column":null}},"2":{"start":{"line":5,"column":1},"end":{"line":5,"column":17}},"3":{"start":{"line":3,"column":0},"end":{"line":3,"column":22}}},"fnMap":{"0":{"name":"postRemoteData","decl":{"start":{"line":3,"column":22},"end":{"line":3,"column":36}},"loc":{"start":{"line":3,"column":52},"end":{"line":6,"column":null}}}},"branchMap":{"0":{"loc":{"start":{"line":4,"column":18},"end":{"line":4,"column":null}},"type":"switch","locations":[{"start":{"line":4,"column":18},"end":{"line":4,"column":null}}]}},"s":{"0":2,"1":2,"2":2,"3":9},"f":{"0":2},"b":{"0":[2]}}
}
