TN:
SF:src\singleton.ts
FNF:0
FNH:0
DA:1,9
DA:3,9
LF:2
LH:2
BRF:0
BRH:0
end_of_record
TN:
SF:src\classes\Notification.ts
FN:3,(anonymous_0)
FN:13,Notification
FNF:2
FNH:2
FNDA:3,(anonymous_0)
FNDA:4,Notification
DA:1,3
DA:3,3
DA:8,4
DA:9,4
DA:10,4
DA:11,4
DA:14,4
DA:19,3
LF:8
LH:8
BRF:0
BRH:0
end_of_record
TN:
SF:src\classes\NotificationCenter.ts
FN:16,(anonymous_0)
FN:22,NotificationCenter
FN:29,(anonymous_2)
FN:44,(anonymous_3)
FN:77,(anonymous_4)
FN:96,(anonymous_5)
FN:113,(anonymous_6)
FN:135,(anonymous_9)
FN:150,(anonymous_10)
FN:162,(anonymous_11)
FN:189,(anonymous_14)
FN:201,(anonymous_17)
FN:201,(anonymous_18)
FN:225,(anonymous_20)
FN:276,(anonymous_23)
FNF:15
FNH:15
FNDA:9,(anonymous_0)
FNDA:9,NotificationCenter
FNDA:3,(anonymous_2)
FNDA:13,(anonymous_3)
FNDA:4,(anonymous_4)
FNDA:3,(anonymous_5)
FNDA:5,(anonymous_6)
FNDA:4,(anonymous_9)
FNDA:1,(anonymous_10)
FNDA:6,(anonymous_11)
FNDA:3,(anonymous_14)
FNDA:2,(anonymous_17)
FNDA:2,(anonymous_18)
FNDA:6,(anonymous_20)
FNDA:3,(anonymous_23)
DA:1,9
DA:2,9
DA:3,9
DA:4,9
DA:5,9
DA:6,9
DA:16,9
DA:23,9
DA:24,9
DA:25,9
DA:26,9
DA:29,9
DA:31,3
DA:32,2
DA:35,3
DA:36,1
DA:37,1
DA:40,2
DA:41,2
DA:44,9
DA:46,13
DA:47,1
DA:48,1
DA:51,12
DA:73,12
DA:74,12
DA:77,15
DA:79,4
DA:80,1
DA:81,1
DA:84,3
DA:92,3
DA:93,3
DA:96,9
DA:98,3
DA:99,1
DA:100,1
DA:103,2
DA:104,1
DA:105,1
DA:108,1
DA:110,1
DA:113,9
DA:115,5
DA:116,1
DA:117,1
DA:120,4
DA:121,4
DA:122,4
DA:124,4
DA:125,1
DA:126,1
DA:129,3
DA:130,3
DA:133,3
DA:135,2
DA:136,4
DA:137,2
DA:139,2
DA:143,2
DA:144,1
DA:145,1
DA:149,1
DA:150,1
DA:151,1
DA:154,1
DA:158,1
DA:159,1
DA:162,9
DA:164,6
DA:165,1
DA:166,1
DA:169,5
DA:170,2
DA:171,2
DA:174,3
DA:175,3
DA:177,3
DA:178,1
DA:179,1
DA:182,2
DA:183,2
DA:185,2
DA:186,2
DA:189,9
DA:191,3
DA:192,1
DA:193,1
DA:196,2
DA:201,2
DA:203,2
DA:205,2
DA:206,2
DA:209,2
DA:211,2
DA:212,1
DA:213,1
DA:216,1
DA:217,1
DA:220,2
DA:222,2
DA:225,9
DA:227,6
DA:228,1
DA:229,1
DA:232,5
DA:233,5
DA:234,1
DA:235,1
DA:239,4
DA:240,4
DA:241,2
DA:242,2
DA:246,2
DA:249,2
DA:254,2
DA:255,2
DA:260,2
DA:262,2
DA:263,1
DA:264,1
DA:267,1
DA:268,1
DA:271,1
DA:272,1
DA:273,1
DA:276,9
DA:278,3
DA:279,1
DA:280,1
DA:283,2
DA:284,2
DA:285,1
DA:286,1
DA:289,1
DA:291,1
DA:293,9
LF:137
LH:137
BRDA:31,0,0,2
BRDA:31,0,1,1
BRDA:35,1,0,1
BRDA:35,1,1,2
BRDA:35,2,0,3
BRDA:35,2,1,2
BRDA:46,3,0,1
BRDA:46,3,1,12
BRDA:79,4,0,1
BRDA:79,4,1,3
BRDA:87,5,0,3
BRDA:87,5,1,3
BRDA:98,6,0,1
BRDA:98,6,1,2
BRDA:103,7,0,1
BRDA:103,7,1,1
BRDA:115,8,0,1
BRDA:115,8,1,4
BRDA:124,9,0,1
BRDA:124,9,1,3
BRDA:133,10,0,2
BRDA:133,10,1,1
BRDA:136,11,0,2
BRDA:136,11,1,2
BRDA:143,12,0,1
BRDA:143,12,1,1
BRDA:143,13,0,2
BRDA:143,13,1,1
BRDA:164,14,0,1
BRDA:164,14,1,5
BRDA:169,15,0,2
BRDA:169,15,1,3
BRDA:169,16,0,5
BRDA:169,16,1,5
BRDA:177,17,0,1
BRDA:177,17,1,2
BRDA:191,18,0,1
BRDA:191,18,1,2
BRDA:211,19,0,1
BRDA:211,19,1,1
BRDA:227,20,0,1
BRDA:227,20,1,5
BRDA:233,21,0,1
BRDA:233,21,1,4
BRDA:240,22,0,2
BRDA:240,22,1,2
BRDA:254,23,0,1
BRDA:254,23,1,1
BRDA:262,24,0,1
BRDA:262,24,1,1
BRDA:278,25,0,1
BRDA:278,25,1,2
BRDA:284,26,0,1
BRDA:284,26,1,1
BRF:54
BRH:54
end_of_record
TN:
SF:src\utils\findIndex.ts
FN:3,findMyIndexByIdAndNotificationList
FN:4,(anonymous_1)
FNF:2
FNH:2
FNDA:8,findMyIndexByIdAndNotificationList
FNDA:8,(anonymous_1)
DA:3,10
DA:4,8
DA:5,8
DA:7,8
LF:4
LH:4
BRF:0
BRH:0
end_of_record
TN:
SF:src\utils\messages.ts
FN:35,(anonymous_0)
FN:43,(anonymous_1)
FN:51,(anonymous_2)
FNF:3
FNH:3
FNDA:22,(anonymous_0)
FNDA:13,(anonymous_1)
FNDA:2,(anonymous_2)
DA:5,10
DA:34,10
DA:39,22
DA:40,22
DA:47,13
DA:48,13
DA:55,2
DA:56,2
LF:8
LH:8
BRF:0
BRH:0
end_of_record
TN:
SF:src\utils\notifyAllProperties.ts
FN:3,notifyAllProperties
FNF:1
FNH:1
FNDA:6,notifyAllProperties
DA:3,11
DA:4,6
DA:5,6
DA:6,6
DA:7,6
DA:8,6
DA:9,6
DA:10,6
LF:8
LH:8
BRDA:7,0,0,1
BRDA:7,0,1,5
BRF:2
BRH:2
end_of_record
TN:
SF:src\utils\onNewNotification.ts
FN:4,onNewNotification
FN:7,(anonymous_1)
FNF:2
FNH:2
FNDA:2,onNewNotification
FNDA:3,(anonymous_1)
DA:2,2
DA:4,2
DA:6,2
DA:7,2
DA:8,3
LF:5
LH:5
BRF:0
BRH:0
end_of_record
TN:
SF:src\utils\fetch\getFromRemote.ts
FN:3,getFromRemote
FNF:1
FNH:1
FNDA:7,getFromRemote
DA:3,9
DA:4,7
DA:5,7
LF:3
LH:3
BRDA:4,0,0,7
BRF:1
BRH:1
end_of_record
TN:
SF:src\utils\fetch\patchRemoteData.ts
FN:3,patchRemoteData
FNF:1
FNH:1
FNDA:2,patchRemoteData
DA:3,9
DA:4,2
DA:5,2
LF:3
LH:3
BRDA:4,0,0,2
BRF:1
BRH:1
end_of_record
TN:
SF:src\utils\fetch\postRemoteData.ts
FN:3,postRemoteData
FNF:1
FNH:1
FNDA:2,postRemoteData
DA:3,9
DA:4,2
DA:5,2
LF:3
LH:3
BRDA:4,0,0,2
BRF:1
BRH:1
end_of_record
